# JRE version: Java(TM) SE Runtime Environment (17.0.2+8) (build 17.0.2+8-LTS-86)
# Java VM: Java HotSpot(TM) 64-Bit Server VM (17.0.2+8-LTS-86, mixed mode, sharing, tiered, compressed oops, compressed class ptrs, g1 gc, windows-amd64)
GC Precious Log:
 CPUs: 4 total, 4 available
 Memory: 16246M
 Large Page Support: Disabled
 NUMA Support: Disabled
 Compressed Oops: Enabled (Zero based)
 Heap Region Size: 2M
 Heap Min Capacity: 8M
 Heap Initial Capacity: 254M
 Heap Max Capacity: 4062M
 Pre-touch: Disabled
 Parallel Workers: 4
 Concurrent Workers: 1
 Concurrent Refinement Workers: 4
 Periodic GC: Disabled
Heap:
 garbage-first heap   total 319488K, used 176583K [0x0000000702200000, 0x0000000800000000)
  region size 2048K, 12 young (24576K), 5 survivors (10240K)
 Metaspace       used 5629K, committed 5824K, reserved 1056768K
  class space    used 378K, committed 448K, reserved 1048576K
GC Heap History (20 events):
Event: 7012.601 GC heap before
{Heap before GC invocations=237 (full 0):
 garbage-first heap   total 266240K, used 233133K [0x0000000702200000, 0x0000000800000000)
  region size 2048K, 40 young (81920K), 3 survivors (6144K)
 Metaspace       used 5629K, committed 5824K, reserved 1056768K
  class space    used 378K, committed 448K, reserved 1048576K
}
Event: 7012.628 GC heap after
{Heap after GC invocations=238 (full 0):
 garbage-first heap   total 319488K, used 157872K [0x0000000702200000, 0x0000000800000000)
  region size 2048K, 3 young (6144K), 3 survivors (6144K)
 Metaspace       used 5629K, committed 5824K, reserved 1056768K
  class space    used 378K, committed 448K, reserved 1048576K
}
Event: 7049.619 GC heap before
{Heap before GC invocations=238 (full 0):
 garbage-first heap   total 319488K, used 278704K [0x0000000702200000, 0x0000000800000000)
  region size 2048K, 62 young (126976K), 3 survivors (6144K)
 Metaspace       used 5629K, committed 5824K, reserved 1056768K
  class space    used 378K, committed 448K, reserved 1048576K
}
Event: 7049.673 GC heap after
{Heap after GC invocations=239 (full 0):
 garbage-first heap   total 319488K, used 158823K [0x0000000702200000, 0x0000000800000000)
  region size 2048K, 4 young (8192K), 4 survivors (8192K)
 Metaspace       used 5629K, committed 5824K, reserved 1056768K
  class space    used 378K, committed 448K, reserved 1048576K
}
Event: 7085.782 GC heap before
{Heap before GC invocations=240 (full 0):
 garbage-first heap   total 319488K, used 275559K [0x0000000702200000, 0x0000000800000000)
  region size 2048K, 61 young (124928K), 4 survivors (8192K)
 Metaspace       used 5629K, committed 5824K, reserved 1056768K
  class space    used 378K, committed 448K, reserved 1048576K
}
Event: 7085.819 GC heap after
{Heap after GC invocations=241 (full 0):
 garbage-first heap   total 319488K, used 159513K [0x0000000702200000, 0x0000000800000000)
  region size 2048K, 4 young (8192K), 4 survivors (8192K)
 Metaspace       used 5629K, committed 5824K, reserved 1056768K
  class space    used 378K, committed 448K, reserved 1048576K
}
Event: 7121.754 GC heap before
{Heap before GC invocations=241 (full 0):
 garbage-first heap   total 319488K, used 276249K [0x0000000702200000, 0x0000000800000000)
  region size 2048K, 61 young (124928K), 4 survivors (8192K)
 Metaspace       used 5629K, committed 5824K, reserved 1056768K
  class space    used 378K, committed 448K, reserved 1048576K
}
Event: 7121.834 GC heap after
{Heap after GC invocations=242 (full 0):
 garbage-first heap   total 319488K, used 160047K [0x0000000702200000, 0x0000000800000000)
  region size 2048K, 4 young (8192K), 4 survivors (8192K)
 Metaspace       used 5629K, committed 5824K, reserved 1056768K
  class space    used 378K, committed 448K, reserved 1048576K
}
Event: 7157.759 GC heap before
{Heap before GC invocations=243 (full 0):
 garbage-first heap   total 319488K, used 276783K [0x0000000702200000, 0x0000000800000000)
  region size 2048K, 61 young (124928K), 4 survivors (8192K)
 Metaspace       used 5629K, committed 5824K, reserved 1056768K
  class space    used 378K, committed 448K, reserved 1048576K
}
Event: 7157.847 GC heap after
{Heap after GC invocations=244 (full 0):
 garbage-first heap   total 319488K, used 161257K [0x0000000702200000, 0x0000000800000000)
  region size 2048K, 5 young (10240K), 5 survivors (10240K)
 Metaspace       used 5629K, committed 5824K, reserved 1056768K
  class space    used 378K, committed 448K, reserved 1048576K
}
Event: 7192.457 GC heap before
{Heap before GC invocations=244 (full 0):
 garbage-first heap   total 319488K, used 273897K [0x0000000702200000, 0x0000000800000000)
  region size 2048K, 60 young (122880K), 5 survivors (10240K)
 Metaspace       used 5629K, committed 5824K, reserved 1056768K
  class space    used 378K, committed 448K, reserved 1048576K
}
Event: 7192.504 GC heap after
{Heap after GC invocations=245 (full 0):
 garbage-first heap   total 319488K, used 161773K [0x0000000702200000, 0x0000000800000000)
  region size 2048K, 5 young (10240K), 5 survivors (10240K)
 Metaspace       used 5629K, committed 5824K, reserved 1056768K
  class space    used 378K, committed 448K, reserved 1048576K
}
Event: 7227.813 GC heap before
{Heap before GC invocations=246 (full 0):
 garbage-first heap   total 319488K, used 274413K [0x0000000702200000, 0x0000000800000000)
  region size 2048K, 60 young (122880K), 5 survivors (10240K)
 Metaspace       used 5629K, committed 5824K, reserved 1056768K
  class space    used 378K, committed 448K, reserved 1048576K
}
Event: 7227.864 GC heap after
{Heap after GC invocations=247 (full 0):
 garbage-first heap   total 319488K, used 162290K [0x0000000702200000, 0x0000000800000000)
  region size 2048K, 5 young (10240K), 5 survivors (10240K)
 Metaspace       used 5629K, committed 5824K, reserved 1056768K
  class space    used 378K, committed 448K, reserved 1048576K
}
Event: 7262.706 GC heap before
{Heap before GC invocations=247 (full 0):
 garbage-first heap   total 319488K, used 274930K [0x0000000702200000, 0x0000000800000000)
  region size 2048K, 60 young (122880K), 5 survivors (10240K)
 Metaspace       used 5629K, committed 5824K, reserved 1056768K
  class space    used 378K, committed 448K, reserved 1048576K
}
Event: 7262.767 GC heap after
{Heap after GC invocations=248 (full 0):
 garbage-first heap   total 319488K, used 163616K [0x0000000702200000, 0x0000000800000000)
  region size 2048K, 5 young (10240K), 5 survivors (10240K)
 Metaspace       used 5629K, committed 5824K, reserved 1056768K
  class space    used 378K, committed 448K, reserved 1048576K
}
Event: 7297.204 GC heap before
{Heap before GC invocations=249 (full 0):
 garbage-first heap   total 319488K, used 274208K [0x0000000702200000, 0x0000000800000000)
  region size 2048K, 59 young (120832K), 5 survivors (10240K)
 Metaspace       used 5629K, committed 5824K, reserved 1056768K
  class space    used 378K, committed 448K, reserved 1048576K
}
Event: 7297.345 GC heap after
{Heap after GC invocations=250 (full 0):
 garbage-first heap   total 319488K, used 164212K [0x0000000702200000, 0x0000000800000000)
  region size 2048K, 5 young (10240K), 5 survivors (10240K)
 Metaspace       used 5629K, committed 5824K, reserved 1056768K
  class space    used 378K, committed 448K, reserved 1048576K
}
Event: 7332.495 GC heap before
{Heap before GC invocations=250 (full 0):
 garbage-first heap   total 319488K, used 274804K [0x0000000702200000, 0x0000000800000000)
  region size 2048K, 59 young (120832K), 5 survivors (10240K)
 Metaspace       used 5629K, committed 5824K, reserved 1056768K
  class space    used 378K, committed 448K, reserved 1048576K
}
Event: 7332.578 GC heap after
{Heap after GC invocations=251 (full 0):
 garbage-first heap   total 319488K, used 164295K [0x0000000702200000, 0x0000000800000000)
  region size 2048K, 5 young (10240K), 5 survivors (10240K)
 Metaspace       used 5629K, committed 5824K, reserved 1056768K
  class space    used 378K, committed 448K, reserved 1048576K
}

